2021-10-07 19:15:21,722:INFO:PyCaret Supervised Module
2021-10-07 19:15:21,722:INFO:ML Usecase: regression
2021-10-07 19:15:21,722:INFO:version 2.3.4
2021-10-07 19:15:21,722:INFO:Initializing setup()
2021-10-07 19:15:21,722:INFO:setup(target=Strength, ml_usecase=regression, available_plots={'parameter': 'Hyperparameters', 'residuals': 'Residuals', 'error': 'Prediction Error', 'cooks': 'Cooks Distance', 'rfe': 'Feature Selection', 'learning': 'Learning Curve', 'manifold': 'Manifold Learning', 'vc': 'Validation Curve', 'feature': 'Feature Importance', 'feature_all': 'Feature Importance (All)', 'tree': 'Decision Tree', 'residuals_interactive': 'Interactive Residuals'}, train_size=0.7, test_data=None, preprocess=True, imputation_type=simple, iterative_imputation_iters=5, categorical_features=None, categorical_imputation=constant, categorical_iterative_imputer=lightgbm, ordinal_features=None, high_cardinality_features=None, high_cardinality_method=frequency, numeric_features=['Cement', 'Blast Furnace Slag', 'Fly Ash', 'Water', 'Superplasticizer', 'Coarse Aggregate', 'Fine Aggregate', 'Age'], numeric_imputation=mean, numeric_iterative_imputer=lightgbm, date_features=None, ignore_features=None, normalize=False, normalize_method=zscore, transformation=False, transformation_method=yeo-johnson, handle_unknown_categorical=True, unknown_categorical_method=least_frequent, pca=False, pca_method=linear, pca_components=None, ignore_low_variance=False, combine_rare_levels=False, rare_level_threshold=0.1, bin_numeric_features=None, remove_outliers=True, outliers_threshold=0.05, remove_multicollinearity=False, multicollinearity_threshold=0.9, remove_perfect_collinearity=True, create_clusters=False, cluster_iter=20, polynomial_features=False, polynomial_degree=2, trigonometry_features=False, polynomial_threshold=0.1, group_features=None, group_names=None, feature_selection=False, feature_selection_threshold=0.8, feature_selection_method=classic, feature_interaction=False, feature_ratio=False, interaction_threshold=0.01, fix_imbalance=False, fix_imbalance_method=None, transform_target=False, transform_target_method=box-cox, data_split_shuffle=True, data_split_stratify=False, fold_strategy=kfold, fold=10, fold_shuffle=False, fold_groups=None, n_jobs=-1, use_gpu=False, custom_pipeline=None, html=True, session_id=None, log_experiment=False, experiment_name=None, log_plots=False, log_profile=False, log_data=False, silent=True, verbose=True, profile=False, profile_kwargs=None, display=None)
2021-10-07 19:15:21,722:INFO:Checking environment
2021-10-07 19:15:21,722:INFO:python_version: 3.8.8
2021-10-07 19:15:21,722:INFO:python_build: ('default', 'Apr 13 2021 15:08:03')
2021-10-07 19:15:21,722:INFO:machine: AMD64
2021-10-07 19:15:21,722:INFO:platform: Windows-10-10.0.19041-SP0
2021-10-07 19:15:21,722:INFO:Memory: svmem(total=8434163712, available=2631667712, percent=68.8, used=5802496000, free=2631667712)
2021-10-07 19:15:21,722:INFO:Physical Core: 4
2021-10-07 19:15:21,722:INFO:Logical Core: 8
2021-10-07 19:15:21,722:INFO:Checking libraries
2021-10-07 19:15:21,722:INFO:pd==1.2.4
2021-10-07 19:15:21,722:INFO:numpy==1.19.5
2021-10-07 19:15:21,722:INFO:sklearn==0.23.2
2021-10-07 19:15:21,722:INFO:lightgbm==3.2.1
2021-10-07 19:15:21,737:WARNING:catboost not found
2021-10-07 19:15:21,737:WARNING:xgboost not found
2021-10-07 19:15:28,374:INFO:mlflow==1.20.2
2021-10-07 19:15:28,374:INFO:Checking Exceptions
2021-10-07 19:15:28,374:INFO:Declaring global variables
2021-10-07 19:15:28,374:INFO:USI: d48e
2021-10-07 19:15:28,374:INFO:pycaret_globals: {'_all_models_internal', 'log_plots_param', 'transform_target_param', 'imputation_classifier', 'create_model_container', 'stratify_param', '_available_plots', 'html_param', 'fold_generator', 'y', 'fold_groups_param', 'n_jobs_param', 'data_before_preprocess', 'target_param', 'X_train', 'fold_shuffle_param', 'seed', 'fold_groups_param_full', 'display_container', '_all_metrics', 'y_train', 'gpu_param', 'fix_imbalance_param', '_all_models', '_internal_pipeline', 'master_model_container', 'fold_param', '_ml_usecase', 'exp_name_log', 'logging_param', 'y_test', 'X_test', 'experiment__', 'transform_target_method_param', '_gpu_n_jobs_param', 'pycaret_globals', 'X', 'imputation_regressor', 'fix_imbalance_method_param', 'USI', 'prep_pipe', 'iterative_imputation_iters_param'}
2021-10-07 19:15:28,374:INFO:Preparing display monitor
2021-10-07 19:15:28,374:INFO:Preparing display monitor
2021-10-07 19:15:28,389:INFO:Importing libraries
2021-10-07 19:15:28,389:INFO:Copying data for preprocessing
2021-10-07 19:15:28,417:INFO:Declaring preprocessing parameters
2021-10-07 19:15:28,418:INFO:Creating preprocessing pipeline
2021-10-07 19:15:28,425:INFO:Preprocessing pipeline created successfully
2021-10-07 19:15:28,425:ERROR:(Process Exit): setup has been interupted with user command 'quit'. setup must rerun.
2021-10-07 19:15:28,425:INFO:Creating global containers
2021-10-07 19:15:28,428:INFO:Internal pipeline: Pipeline(memory=None, steps=[('empty_step', 'passthrough')], verbose=False)
2021-10-07 19:15:28,885:WARNING:Couldn't import xgboost.XGBRegressor
2021-10-07 19:15:28,885:WARNING:Couldn't import catboost.CatBoostRegressor
2021-10-07 19:15:29,085:WARNING:Couldn't import xgboost.XGBRegressor
2021-10-07 19:15:29,101:WARNING:Couldn't import catboost.CatBoostRegressor
2021-10-07 19:15:29,101:INFO:Creating grid variables
2021-10-07 19:15:29,130:INFO:create_model_container: 0
2021-10-07 19:15:29,130:INFO:master_model_container: 0
2021-10-07 19:15:29,131:INFO:display_container: 1
2021-10-07 19:15:29,140:INFO:Pipeline(memory=None,
         steps=[('dtypes',
                 DataTypes_Auto_infer(categorical_features=[],
                                      display_types=False, features_todrop=[],
                                      id_columns=[], ml_usecase='regression',
                                      numerical_features=['Cement',
                                                          'Blast Furnace Slag',
                                                          'Fly Ash', 'Water',
                                                          'Superplasticizer',
                                                          'Coarse Aggregate',
                                                          'Fine Aggregate',
                                                          'Age'],
                                      target='Strength', time_features=[])),
                ('imputer',
                 Simple_Imputer(ca...
                 Outlier(contamination=0.05, methods=['pca'], random_state=1586,
                         target='Strength')),
                ('cluster_all', 'passthrough'),
                ('dummy', Dummify(target='Strength')),
                ('fix_perfect', Remove_100(target='Strength')),
                ('clean_names', Clean_Colum_Names()),
                ('feature_select', 'passthrough'), ('fix_multi', 'passthrough'),
                ('dfs', 'passthrough'), ('pca', 'passthrough')],
         verbose=False)
2021-10-07 19:15:29,140:INFO:setup() succesfully completed......................................
2021-10-07 19:24:40,851:INFO:Initializing create_model()
2021-10-07 19:24:40,851:INFO:create_model(estimator=catboost, fold=None, round=4, cross_validation=True, predict=True, fit_kwargs=None, groups=None, refit=True, verbose=True, system=True, metrics=None, add_to_model_list=True, display=None, kwargs={})
2021-10-07 19:24:40,851:INFO:Checking exceptions
